<?xml version="1.0" encoding="UTF-8"?>
<!-- Generated by org.testng.reporters.JUnitXMLReporter -->
<testsuite ignored="0" hostname="DESKTOP-OMGE8E1" failures="1" tests="1" name="Test" time="14.347" errors="0" timestamp="2024-07-19T12:57:17 IST">
  <testcase classname="practice_dataprovider.Assertion1" name="Hardassert" time="0.121">
    <failure type="java.lang.AssertionError" message="expected [login] but found [Home]">
      <![CDATA[java.lang.AssertionError: expected [login] but found [Home]
at practice_dataprovider.Assertion1.Hardassert(Assertion1.java:25)
at java.base/java.util.ArrayList.forEach(ArrayList.java:1511)
... Removed 33 stack frames]]>
    </failure>
  </testcase> <!-- Hardassert -->
</testsuite> <!-- Test -->
