<?xml version="1.0" encoding="UTF-8"?>
<!-- Generated by org.testng.reporters.JUnitXMLReporter -->
<testsuite ignored="0" hostname="DESKTOP-OMGE8E1" failures="0" tests="6" name="Test2" time="216.619" errors="0" timestamp="18 Jul 2024 05:06:11 GMT">
  <testcase classname="com.comcast.CRM.ContactTest.Organizations" name="CreateOrganizationindustry" time="21.049"/>
  <testcase classname="com.comcast.CRM.ContactTest.Organizations" name="Oranizationdelete" time="10.076"/>
  <testcase classname="com.comcast.CRM.ContactTest.Organizations" name="createorgtest" time="17.616"/>
  <testcase classname="com.comcast.CRM.ContactTest.Campaign" name="Createcampaignproduct" time="33.848"/>
  <testcase classname="com.comcast.CRM.ContactTest.Contact" name="CreateContactwithSupportdate" time="28.305"/>
  <testcase classname="com.comcast.CRM.ContactTest.Contact" name="createcontactwithorg" time="31.373"/>
</testsuite> <!-- Test2 -->
