<?xml version="1.0" encoding="UTF-8"?>
<!-- Generated by org.testng.reporters.JUnitXMLReporter -->
<testsuite ignored="0" hostname="DESKTOP-OMGE8E1" failures="0" tests="6" name="Test1" time="196.975" errors="0" timestamp="18 Jul 2024 05:05:51 GMT">
  <testcase classname="com.comcast.CRM.ContactTest.Organizations" name="CreateOrganizationindustry" time="21.976"/>
  <testcase classname="com.comcast.CRM.ContactTest.Organizations" name="Oranizationdelete" time="8.559"/>
  <testcase classname="com.comcast.CRM.ContactTest.Organizations" name="createorgtest" time="16.575"/>
  <testcase classname="com.comcast.CRM.ContactTest.Campaign" name="Createcampaignproduct" time="32.791"/>
  <testcase classname="com.comcast.CRM.ContactTest.Contact" name="CreateContactwithSupportdate" time="19.67"/>
  <testcase classname="com.comcast.CRM.ContactTest.Contact" name="createcontactwithorg" time="33.694"/>
</testsuite> <!-- Test1 -->
