<?xml version="1.0" encoding="UTF-8"?>
<!-- Generated by org.testng.reporters.JUnitXMLReporter -->
<testsuite ignored="0" hostname="DESKTOP-OMGE8E1" failures="0" tests="6" name="Testrunner-firefox" time="195.875" errors="0" timestamp="18 Jul 2024 05:59:50 GMT">
  <testcase classname="com.comcast.CRM.ContactTest.Organizations" name="CreateOrganizationindustry" time="17.188"/>
  <testcase classname="com.comcast.CRM.ContactTest.Organizations" name="Oranizationdelete" time="8.588"/>
  <testcase classname="com.comcast.CRM.ContactTest.Organizations" name="createorgtest" time="15.127"/>
  <testcase classname="com.comcast.CRM.ContactTest.Campaign" name="Createcampaignproduct" time="33.448"/>
  <testcase classname="com.comcast.CRM.ContactTest.Contact" name="CreateContactwithSupportdate" time="16.791"/>
  <testcase classname="com.comcast.CRM.ContactTest.Contact" name="createcontactwithorg" time="29.142"/>
</testsuite> <!-- Testrunner-firefox -->
