<?xml version="1.0" encoding="UTF-8"?>
<!-- Generated by org.testng.reporters.JUnitXMLReporter -->
<testsuite ignored="0" hostname="DESKTOP-OMGE8E1" failures="0" tests="6" name="Testrunner-chrome" time="187.28" errors="0" timestamp="18 Jul 2024 05:59:42 GMT">
  <testcase classname="com.comcast.CRM.ContactTest.Organizations" name="CreateOrganizationindustry" time="21.546"/>
  <testcase classname="com.comcast.CRM.ContactTest.Organizations" name="Oranizationdelete" time="6.745"/>
  <testcase classname="com.comcast.CRM.ContactTest.Organizations" name="createorgtest" time="14.531"/>
  <testcase classname="com.comcast.CRM.ContactTest.Campaign" name="Createcampaignproduct" time="33.252"/>
  <testcase classname="com.comcast.CRM.ContactTest.Contact" name="CreateContactwithSupportdate" time="18.598"/>
  <testcase classname="com.comcast.CRM.ContactTest.Contact" name="createcontactwithorg" time="30.461"/>
</testsuite> <!-- Testrunner-chrome -->
